<?xml version="1.0" encoding="UTF-8"?>
<!-- Generated by org.testng.reporters.JUnitXMLReporter -->
<testsuite hostname="sravan-PC" name="Sample test" tests="3" failures="0" timestamp="9 May 2016 17:43:35 GMT" time="48.115" errors="0">
  <testcase name="takingscreenshots" time="3.153" classname="org.demo.demomaven.toolstests"/>
  <testcase name="verifyHomePageHeader" time="1.638" classname="org.demo.demomaven.toolstests"/>
  <testcase name="verifyPageHeader1" time="0.052" classname="org.demo.demomaven.toolstests"/>
</testsuite> <!-- Sample test -->
