<?xml version="1.0" encoding="UTF-8"?>
<testng-results skipped="0" failed="0" total="1" passed="1">
  <reporter-output>
  </reporter-output>
  <suite name="Sample test Suite" duration-ms="31665" started-at="2016-05-30T06:45:20Z" finished-at="2016-05-30T06:45:52Z">
    <groups>
    </groups>
    <test name="Sample test" duration-ms="31665" started-at="2016-05-30T06:45:20Z" finished-at="2016-05-30T06:45:52Z">
      <class name="org.demo.demomaven.apachixltests">
        <test-method status="PASS" signature="Beforesetup(java.lang.String)[pri:0, instance:org.demo.demomaven.apachixltests@6ad5c04e]" name="Beforesetup" is-config="true" duration-ms="12527" started-at="2016-05-30T12:15:20Z" finished-at="2016-05-30T12:15:33Z">
          <params>
            <param index="0">
              <value>
                <![CDATA[FF]]>
              </value>
            </param>
          </params>
          <reporter-output>
          </reporter-output>
        </test-method> <!-- Beforesetup -->
        <test-method status="PASS" signature="aapachexlpoitests()[pri:0, instance:org.demo.demomaven.apachixltests@6ad5c04e]" name="aapachexlpoitests" duration-ms="15386" started-at="2016-05-30T12:15:33Z" finished-at="2016-05-30T12:15:48Z">
          <reporter-output>
          </reporter-output>
        </test-method> <!-- aapachexlpoitests -->
        <test-method status="PASS" signature="Aftersetup()[pri:0, instance:org.demo.demomaven.apachixltests@6ad5c04e]" name="Aftersetup" is-config="true" duration-ms="3730" started-at="2016-05-30T12:15:48Z" finished-at="2016-05-30T12:15:52Z">
          <reporter-output>
          </reporter-output>
        </test-method> <!-- Aftersetup -->
      </class> <!-- org.demo.demomaven.apachixltests -->
    </test> <!-- Sample test -->
  </suite> <!-- Sample test Suite -->
</testng-results>
